<?xml version="1.0" encoding="UTF-8"?>
<!-- Generated by org.testng.reporters.JUnitReportReporter -->
<testsuite skipped="0" hostname="Mandeep-PC" name="igt.selenium4.poc.WebScrngSeleniumAndMongoDB" tests="1" failures="0" timestamp="13 Jul 2021 11:39:41 GMT" time="28.627" errors="0">
  <testcase name="seleniumDataScrappingSsingMongo" time="28.627" classname="igt.selenium4.poc.WebScrngSeleniumAndMongoDB"/>
</testsuite> <!-- igt.selenium4.poc.WebScrngSeleniumAndMongoDB -->
